#
# There is insufficient memory for the Java Runtime Environment to continue.
# Native memory allocation (malloc) failed to allocate 32744 bytes for ChunkPool::allocate
# Possible reasons:
#   The system is out of physical RAM or swap space
#   In 32 bit mode, the process size limit was hit
# Possible solutions:
#   Reduce memory load on the system
#   Increase physical memory or swap space
#   Check if swap backing store is full
#   Use 64 bit Java on a 64 bit OS
#   Decrease Java heap size (-Xmx/-Xms)
#   Decrease number of Java threads
#   Decrease Java thread stack sizes (-Xss)
#   Set larger code cache with -XX:ReservedCodeCacheSize=
# This output file may be truncated or incomplete.
#
#  Out of Memory Error (allocation.cpp:273), pid=14720, tid=0x00000000000043ec
#
# JRE version: Java(TM) SE Runtime Environment (8.0_161-b12) (build 1.8.0_161-b12)
# Java VM: Java HotSpot(TM) 64-Bit Server VM (25.161-b12 mixed mode windows-amd64 compressed oops)
# Failed to write core dump. Minidumps are not enabled by default on client versions of Windows
#

---------------  T H R E A D  ---------------

Current thread (0x0000000019714000):  JavaThread "C1 CompilerThread2" daemon [_thread_in_native, id=17388, stack(0x0000000019f80000,0x000000001a080000)]

Stack: [0x0000000019f80000,0x000000001a080000]
[error occurred during error reporting (printing stack bounds), id 0xc0000005]

Native frames: (J=compiled Java code, j=interpreted, Vv=VM code, C=native code)


Current CompileTask:
C1:    277    4       3       java.lang.AbstractStringBuilder::ensureCapacityInternal (27 bytes)


---------------  P R O C E S S  ---------------

Java Threads: ( => current thread )
=>0x0000000019714000 JavaThread "C1 CompilerThread2" daemon [_thread_in_native, id=17388, stack(0x0000000019f80000,0x000000001a080000)]
  0x00000000196b4800 JavaThread "C2 CompilerThread1" daemon [_thread_blocked, id=16528, stack(0x0000000019e80000,0x0000000019f80000)]
  0x00000000196b0000 JavaThread "C2 CompilerThread0" daemon [_thread_blocked, id=9256, stack(0x0000000019d80000,0x0000000019e80000)]
  0x000000001974b800 JavaThread "Monitor Ctrl-Break" daemon [_thread_in_native, id=5892, stack(0x0000000019c80000,0x0000000019d80000)]
  0x0000000018310800 JavaThread "Attach Listener" daemon [_thread_blocked, id=15704, stack(0x0000000019b80000,0x0000000019c80000)]
  0x0000000018357800 JavaThread "Signal Dispatcher" daemon [_thread_blocked, id=11152, stack(0x0000000019a80000,0x0000000019b80000)]
  0x00000000182ee800 JavaThread "Finalizer" daemon [_thread_blocked, id=13584, stack(0x0000000019580000,0x0000000019680000)]
  0x00000000037d5000 JavaThread "Reference Handler" daemon [_thread_blocked, id=8500, stack(0x0000000019480000,0x0000000019580000)]
  0x00000000036e4800 JavaThread "main" [_thread_in_vm, id=15180, stack(0x0000000003440000,0x0000000003540000)]

Other Threads:
  0x00000000182c7000 VMThread [stack: 0x0000000019380000,0x0000000019480000] [id=15456]

VM state:not at safepoint (normal execution)

VM Mutex/Monitor currently owned by a thread: None

Heap:
 PSYoungGen      total 38400K, used 2662K [0x00000000d5f80000, 0x00000000d8a00000, 0x0000000100000000)
  eden space 33280K, 8% used [0x00000000d5f80000,0x00000000d6219ab0,0x00000000d8000000)
  from space 5120K, 0% used [0x00000000d8500000,0x00000000d8500000,0x00000000d8a00000)
  to   space 5120K, 0% used [0x00000000d8000000,0x00000000d8000000,0x00000000d8500000)
 ParOldGen       total 87552K, used 0K [0x0000000081e00000, 0x0000000087380000, 0x00000000d5f80000)
  object space 87552K, 0% used [0x0000000081e00000,0x0000000081e00000,0x0000000087380000)
 Metaspace       used 3326K, capacity 4494K, committed 4864K, reserved 1056768K
  class space    used 362K, capacity 386K, committed 512K, reserved 1048576K

Card table byte_map: [0x0000000012ba0000,0x0000000012fa0000] byte_map_base: 0x0000000012791000

Marking Bits: (ParMarkBitMap*) 0x000000005aa3f860
 Begin Bits: [0x0000000013650000, 0x00000000155d8000)
 End Bits:   [0x00000000155d8000, 0x0000000017560000)

Polling page: 0x0000000002f30000

CodeCache: size=245760Kb used=1077Kb max_used=1077Kb free=244682Kb
 bounds [0x00000000037e0000, 0x0000000003a50000, 0x00000000127e0000]
 total_blobs=256 nmethods=3 adapters=167
 compilation: enabled

Compilation events (4 events):
Event: 0.275 Thread 0x00000000196b0000    2       4       java.lang.String::length (6 bytes)
Event: 0.275 Thread 0x00000000196b4800    3       4       java.lang.String::charAt (29 bytes)
Event: 0.275 Thread 0x0000000019714000    4       3       java.lang.AbstractStringBuilder::ensureCapacityInternal (27 bytes)
Event: 0.275 Thread 0x00000000196b0000 nmethod 2 0x00000000038e74d0 code [0x00000000038e7600, 0x00000000038e7678]

GC Heap History (0 events):
No events

Deoptimization events (0 events):
No events

Classes redefined (0 events):
No events

Internal exceptions (2 events):
Event: 0.080 Thread 0x00000000036e4800 Exception <a 'java/lang/NoSuchMethodError': Method sun.misc.Unsafe.defineClass(Ljava/lang/String;[BII)Ljava/lang/Class; name or signature does not match> (0x00000000d5f87ca0) thrown at [C:\re\workspace\8-2-build-windows-amd64-cygwin\jdk8u161\10277\hotspot
Event: 0.080 Thread 0x00000000036e4800 Exception <a 'java/lang/NoSuchMethodError': Method sun.misc.Unsafe.prefetchRead(Ljava/lang/Object;J)V name or signature does not match> (0x00000000d5f87f88) thrown at [C:\re\workspace\8-2-build-windows-amd64-cygwin\jdk8u161\10277\hotspot\src\share\vm\prim

Events (10 events):
Event: 0.275 loading class java/lang/invoke/MethodHandleImpl$1 done
Event: 0.275 loading class java/net/URI done
Event: 0.275 loading class java/lang/invoke/MethodHandleImpl$2
Event: 0.275 loading class java/util/function/Function
Event: 0.275 loading class java/util/function/Function done
Event: 0.275 loading class java/lang/invoke/MethodHandleImpl$2 done
Event: 0.275 loading class java/lang/invoke/MethodHandleImpl$3
Event: 0.275 loading class java/lang/invoke/MethodHandleImpl$3 done
Event: 0.275 loading class java/lang/invoke/MethodHandleImpl$4
Event: 0.275 loading class java/lang/ClassValue


Dynamic libraries:
0x00007ff79fdf0000 - 0x00007ff79fe27000 	C:\Program Files\Java\jdk1.8.0_161\bin\java.exe
0x00007ffc27420000 - 0x00007ffc27601000 	C:\WINDOWS\SYSTEM32\ntdll.dll
0x00007ffc25020000 - 0x00007ffc250d1000 	C:\WINDOWS\System32\KERNEL32.DLL
0x00007ffc24220000 - 0x00007ffc24493000 	C:\WINDOWS\System32\KERNELBASE.dll
0x00007ffc24a80000 - 0x00007ffc24b21000 	C:\WINDOWS\System32\ADVAPI32.dll
0x00007ffc270a0000 - 0x00007ffc2713e000 	C:\WINDOWS\System32\msvcrt.dll
0x00007ffc27390000 - 0x00007ffc273eb000 	C:\WINDOWS\System32\sechost.dll
0x00007ffc26580000 - 0x00007ffc266a4000 	C:\WINDOWS\System32\RPCRT4.dll
0x00007ffc24e90000 - 0x00007ffc25020000 	C:\WINDOWS\System32\USER32.dll
0x00007ffc24890000 - 0x00007ffc248b0000 	C:\WINDOWS\System32\win32u.dll
0x00007ffc25100000 - 0x00007ffc25128000 	C:\WINDOWS\System32\GDI32.dll
0x00007ffc246f0000 - 0x00007ffc24882000 	C:\WINDOWS\System32\gdi32full.dll
0x00007ffc244a0000 - 0x00007ffc2453f000 	C:\WINDOWS\System32\msvcp_win.dll
0x00007ffc24540000 - 0x00007ffc24638000 	C:\WINDOWS\System32\ucrtbase.dll
0x00007ffc13cc0000 - 0x00007ffc13f29000 	C:\WINDOWS\WinSxS\amd64_microsoft.windows.common-controls_6595b64144ccf1df_6.0.17134.706_none_fb43a2cb30647007\COMCTL32.dll
0x00007ffc26750000 - 0x00007ffc26a72000 	C:\WINDOWS\System32\combase.dll
0x00007ffc23850000 - 0x00007ffc238ca000 	C:\WINDOWS\System32\bcryptPrimitives.dll
0x00007ffc24e60000 - 0x00007ffc24e8d000 	C:\WINDOWS\System32\IMM32.DLL
0x000000005cb90000 - 0x000000005cc62000 	C:\Program Files\Java\jdk1.8.0_161\jre\bin\msvcr100.dll
0x000000005a220000 - 0x000000005aabf000 	C:\Program Files\Java\jdk1.8.0_161\jre\bin\server\jvm.dll
0x00007ffc25130000 - 0x00007ffc25138000 	C:\WINDOWS\System32\PSAPI.DLL
0x00007ffc119f0000 - 0x00007ffc119f9000 	C:\WINDOWS\SYSTEM32\WSOCK32.dll
0x00007ffc26b00000 - 0x00007ffc26b6c000 	C:\WINDOWS\System32\WS2_32.dll
0x00007ffc1fa40000 - 0x00007ffc1fa63000 	C:\WINDOWS\SYSTEM32\WINMM.dll
0x00007ffc13f40000 - 0x00007ffc13f4a000 	C:\WINDOWS\SYSTEM32\VERSION.dll
0x00007ffc1fa10000 - 0x00007ffc1fa3a000 	C:\WINDOWS\SYSTEM32\WINMMBASE.dll
0x00007ffc238d0000 - 0x00007ffc23919000 	C:\WINDOWS\System32\cfgmgr32.dll
0x000000005cb80000 - 0x000000005cb8f000 	C:\Program Files\Java\jdk1.8.0_161\jre\bin\verify.dll
0x000000005cb50000 - 0x000000005cb79000 	C:\Program Files\Java\jdk1.8.0_161\jre\bin\java.dll
0x000000005c700000 - 0x000000005c723000 	C:\Program Files\Java\jdk1.8.0_161\jre\bin\instrument.dll
0x000000005cb30000 - 0x000000005cb46000 	C:\Program Files\Java\jdk1.8.0_161\jre\bin\zip.dll
0x00007ffc25140000 - 0x00007ffc26580000 	C:\WINDOWS\System32\SHELL32.dll
0x00007ffc272e0000 - 0x00007ffc27389000 	C:\WINDOWS\System32\shcore.dll
0x00007ffc23920000 - 0x00007ffc2402d000 	C:\WINDOWS\System32\windows.storage.dll
0x00007ffc24a10000 - 0x00007ffc24a61000 	C:\WINDOWS\System32\shlwapi.dll
0x00007ffc237d0000 - 0x00007ffc237e1000 	C:\WINDOWS\System32\kernel.appcore.dll
0x00007ffc237a0000 - 0x00007ffc237bf000 	C:\WINDOWS\System32\profapi.dll
0x00007ffc23750000 - 0x00007ffc2379c000 	C:\WINDOWS\System32\powrprof.dll
0x00007ffc237c0000 - 0x00007ffc237ca000 	C:\WINDOWS\System32\FLTLIB.DLL
0x00007ffc1b260000 - 0x00007ffc1b27a000 	D:\software\IntelliJ IDEA 2018.2.4\bin\breakgen64.dll
0x000000005cb10000 - 0x000000005cb2a000 	C:\Program Files\Java\jdk1.8.0_161\jre\bin\net.dll
0x00007ffc22fb0000 - 0x00007ffc23016000 	C:\WINDOWS\system32\mswsock.dll

VM Arguments:
jvm_args: -ea -Didea.test.cyclic.buffer.size=1048576 -javaagent:D:\software\IntelliJ IDEA 2018.2.4\lib\idea_rt.jar=55966:D:\software\IntelliJ IDEA 2018.2.4\bin -Dfile.encoding=UTF-8 
java_command: com.intellij.rt.execution.junit.JUnitStarter -ideVersion5 -junit4 com.steins.service.impl.UserApplyServiceImplTest,getApplyedMatch
java_class_path (initial): D:\software\IntelliJ IDEA 2018.2.4\lib\idea_rt.jar;D:\software\IntelliJ IDEA 2018.2.4\plugins\junit\lib\junit-rt.jar;D:\software\IntelliJ IDEA 2018.2.4\plugins\junit\lib\junit5-rt.jar;C:\Program Files\Java\jdk1.8.0_161\jre\lib\charsets.jar;C:\Program Files\Java\jdk1.8.0_161\jre\lib\deploy.jar;C:\Program Files\Java\jdk1.8.0_161\jre\lib\ext\access-bridge-64.jar;C:\Program Files\Java\jdk1.8.0_161\jre\lib\ext\cldrdata.jar;C:\Program Files\Java\jdk1.8.0_161\jre\lib\ext\dnsns.jar;C:\Program Files\Java\jdk1.8.0_161\jre\lib\ext\jaccess.jar;C:\Program Files\Java\jdk1.8.0_161\jre\lib\ext\jfxrt.jar;C:\Program Files\Java\jdk1.8.0_161\jre\lib\ext\localedata.jar;C:\Program Files\Java\jdk1.8.0_161\jre\lib\ext\nashorn.jar;C:\Program Files\Java\jdk1.8.0_161\jre\lib\ext\sunec.jar;C:\Program Files\Java\jdk1.8.0_161\jre\lib\ext\sunjce_provider.jar;C:\Program Files\Java\jdk1.8.0_161\jre\lib\ext\sunmscapi.jar;C:\Program Files\Java\jdk1.8.0_161\jre\lib\ext\sunpkcs11.jar;C:\Program Files\Java\jdk1.8.0_161\jre\lib\ext\zipfs.jar;C:\Program Files\Java\jdk1.8.0_161\jre\lib\javaws.jar;C:\Program Files\Java\jdk1.8.0_161\jre\lib\jce.jar;C:\Program Files\Java\jdk1.8.0_161\jre\lib\jfr.jar;C:\Program Files\Java\jdk1.8.0_161\jre\lib\jfxswt.jar;C:\Program Files\Java\jdk1.8.0_161\jre\lib\jsse.jar;C:\Program Files\Java\jdk1.8.0_161\jre\lib\management-agent.jar;C:\Program Files\Java\jdk1.8.0_161\jre\lib\plugin.jar;C:\Program Files\Java\jdk1.8.0_161\jre\lib\resources.jar;C:\Program Files\Java\jdk1.8.0_161\jre\lib\rt.jar;D:\2019Äê´º\taiji2\target\test-classes;D:\2019Äê´º\taiji2\target\classes;D:\Program Files\maven\junit\junit\4.12\junit-4.12.jar;D:\Program Files\maven\org\hamcrest\hamcrest-core\1.3\hamcrest-core-1.3.jar;D:\Program Files\maven\ch\qos\logback\logback-classic\1.2.3\logback-classic-1.2.3.jar;D:\Program Files\maven\ch\qos\logback\logback-core\1.2.3\logback-core-1.2.3.jar;D:\Program Files\maven\org\slf4j\slf4j-api\1.7.25\slf4j-api-1.7.25.jar;D:\Program Files\maven\o
Launcher Type: SUN_STANDARD

Environment Variables:
JAVA_HOME=C:\Program Files\Java\jdk1.8.0_161
CLASSPATH=.;C:\Program Files\Java\jdk1.8.0_161\lib;C:\Program Files\Java\jdk1.8.0_161\lib\dt.jar;C:\Program Files\Java\jdk1.8.0_161\lib\tools.jar;D:\software\CodeBlocks\MinGW\bin
PATH=C:\ProgramData\Oracle\Java\javapath;C:\Program Files (x86)\Common Files\Oracle\Java\javapath;C:\WINDOWS\system32;C:\WINDOWS;C:\Program Files\Java\jdk1.8.0_161\bin;C:\Program Files\Java\jdk1.8.0_161\jre\bin;"C:\Program Files\Apache Software Foundation\Tomcat 8.5_Tomcat8.5\lib;C:\Program Files\Apache Software Foundation\Tomcat 8.5_Tomcat8.5\bin";C:\MinGW\bin;D:\software\runtime\win64;D:\software\bin;D:\software\MatLab\runtime\win64;D:\software\MatLabbb\runtime\win64;D:\software\MatLabbb\bin;D:\software\MatLab\bin;D:\software\MATLAB\R2018b\runtime\win64;D:\software\MATLAB\R2018b\bin;C:\Users\hp\Desktop\binwalk-master\binwalk;D:\software\CodeBlocks\MinGW\bin;F:\Èí¼þ\rose\common;C:\Program Files\Intel\WiFi\bin\;C:\Program Files\Common Files\Intel\WirelessCommon\;C:\Users\hp\AppData\Local\Programs\Python\Python37\Scripts\;C:\Users\hp\AppData\Local\Programs\Python\Python37\;D:\software\Scripts\;D:\software\;"C:\Program Files\Java\jdk1.8.0_161\bin;C:\Program Files\Java\jdk1.8.0_161\jre\bin; C:\Program Files\Intel\WiFi\bin\";"; C:\Program Files\Java\jdk-10\bin";C:\Users\hp\AppData\Local\Microsoft\WindowsApps;
USERNAME=Sunny
OS=Windows_NT
PROCESSOR_IDENTIFIER=Intel64 Family 6 Model 142 Stepping 9, GenuineIntel



---------------  S Y S T E M  ---------------

OS: Windows 10.0 , 64 bit Build 17134 (10.0.17134.706)

CPU:total 4 (initial active 4) (2 cores per cpu, 2 threads per core) family 6 model 142 stepping 9, cmov, cx8, fxsr, mmx, sse, sse2, sse3, ssse3, sse4.1, sse4.2, popcnt, avx, avx2, aes, clmul, erms, 3dnowpref, lzcnt, ht, tsc, tscinvbit, bmi1, bmi2, adx

Memory: 4k page, physical 8258212k(1660648k free), swap 8258212k(4072k free)

vm_info: Java HotSpot(TM) 64-Bit Server VM (25.161-b12) for windows-amd64 JRE (1.8.0_161-b12), built on Dec 19 2017 17:52:25 by "java_re" with MS VC++ 10.0 (VS2010)

time: Sun Apr 14 18:05:04 2019
elapsed time: 0 seconds (0d 0h 0m 0s)

