#
# There is insufficient memory for the Java Runtime Environment to continue.
# Native memory allocation (malloc) failed to allocate 389536 bytes for Chunk::new
# Possible reasons:
#   The system is out of physical RAM or swap space
#   In 32 bit mode, the process size limit was hit
# Possible solutions:
#   Reduce memory load on the system
#   Increase physical memory or swap space
#   Check if swap backing store is full
#   Use 64 bit Java on a 64 bit OS
#   Decrease Java heap size (-Xmx/-Xms)
#   Decrease number of Java threads
#   Decrease Java thread stack sizes (-Xss)
#   Set larger code cache with -XX:ReservedCodeCacheSize=
# This output file may be truncated or incomplete.
#
#  Out of Memory Error (allocation.cpp:390), pid=8924, tid=0x00000000000042f0
#
# JRE version: Java(TM) SE Runtime Environment (8.0_161-b12) (build 1.8.0_161-b12)
# Java VM: Java HotSpot(TM) 64-Bit Server VM (25.161-b12 mixed mode windows-amd64 compressed oops)
# Failed to write core dump. Minidumps are not enabled by default on client versions of Windows
#

---------------  T H R E A D  ---------------

Current thread (0x0000000018cea800):  JavaThread "C2 CompilerThread1" daemon [_thread_in_native, id=17136, stack(0x0000000019450000,0x0000000019550000)]

Stack: [0x0000000019450000,0x0000000019550000]
[error occurred during error reporting (printing stack bounds), id 0xc0000005]

Native frames: (J=compiled Java code, j=interpreted, Vv=VM code, C=native code)


Current CompileTask:
C2:   1373  774       4       com.sun.org.apache.xerces.internal.impl.XMLEntityScanner::scanQName (502 bytes)


---------------  P R O C E S S  ---------------

Java Threads: ( => current thread )
  0x0000000018d04000 JavaThread "Service Thread" daemon [_thread_blocked, id=13776, stack(0x0000000019650000,0x0000000019750000)]
  0x0000000018cec000 JavaThread "C1 CompilerThread2" daemon [_thread_blocked, id=15216, stack(0x0000000019550000,0x0000000019650000)]
=>0x0000000018cea800 JavaThread "C2 CompilerThread1" daemon [_thread_in_native, id=17136, stack(0x0000000019450000,0x0000000019550000)]
  0x0000000018c88000 JavaThread "C2 CompilerThread0" daemon [_thread_in_native, id=8476, stack(0x0000000019350000,0x0000000019450000)]
  0x0000000018c7e000 JavaThread "Monitor Ctrl-Break" daemon [_thread_in_native, id=876, stack(0x0000000019250000,0x0000000019350000)]
  0x00000000178a1000 JavaThread "Attach Listener" daemon [_thread_blocked, id=9420, stack(0x0000000019150000,0x0000000019250000)]
  0x00000000178e7800 JavaThread "Signal Dispatcher" daemon [_thread_blocked, id=8624, stack(0x0000000019050000,0x0000000019150000)]
  0x000000001787e800 JavaThread "Finalizer" daemon [_thread_blocked, id=580, stack(0x0000000018af0000,0x0000000018bf0000)]
  0x0000000002d65000 JavaThread "Reference Handler" daemon [_thread_blocked, id=5360, stack(0x00000000189f0000,0x0000000018af0000)]
  0x0000000002c74800 JavaThread "main" [_thread_in_vm, id=2848, stack(0x0000000002a70000,0x0000000002b70000)]

Other Threads:
  0x0000000017857000 VMThread [stack: 0x00000000188f0000,0x00000000189f0000] [id=1548]
  0x0000000018d89000 WatcherThread [stack: 0x0000000019750000,0x0000000019850000] [id=13960]

VM state:not at safepoint (normal execution)

VM Mutex/Monitor currently owned by a thread: None

Heap:
 PSYoungGen      total 38400K, used 6093K [0x00000000d5f80000, 0x00000000d8a00000, 0x0000000100000000)
  eden space 33280K, 2% used [0x00000000d5f80000,0x00000000d60762f8,0x00000000d8000000)
  from space 5120K, 99% used [0x00000000d8000000,0x00000000d84fd348,0x00000000d8500000)
  to   space 5120K, 0% used [0x00000000d8500000,0x00000000d8500000,0x00000000d8a00000)
 ParOldGen       total 87552K, used 8K [0x0000000081e00000, 0x0000000087380000, 0x00000000d5f80000)
  object space 87552K, 0% used [0x0000000081e00000,0x0000000081e02000,0x0000000087380000)
 Metaspace       used 10810K, capacity 10952K, committed 11136K, reserved 1058816K
  class space    used 1249K, capacity 1302K, committed 1408K, reserved 1048576K

Card table byte_map: [0x0000000012130000,0x0000000012530000] byte_map_base: 0x0000000011d21000

Marking Bits: (ParMarkBitMap*) 0x000000005aa3f860
 Begin Bits: [0x0000000012be0000, 0x0000000014b68000)
 End Bits:   [0x0000000014b68000, 0x0000000016af0000)

Polling page: 0x0000000000d00000

CodeCache: size=245760Kb used=3583Kb max_used=3590Kb free=242176Kb
 bounds [0x0000000002d70000, 0x0000000003100000, 0x0000000011d70000]
 total_blobs=1133 nmethods=811 adapters=234
 compilation: enabled

Compilation events (10 events):
Event: 1.369 Thread 0x0000000018cec000  806       3       java.lang.ref.Finalizer::access$100 (6 bytes)
Event: 1.369 Thread 0x0000000018cec000 nmethod 806 0x00000000030e96d0 code [0x00000000030e9840, 0x00000000030e99a8]
Event: 1.369 Thread 0x0000000018cec000  807   !   3       java.lang.ref.Finalizer::runFinalizer (62 bytes)
Event: 1.370 Thread 0x0000000018cec000 nmethod 807 0x00000000030e8a10 code [0x00000000030e8bc0, 0x00000000030e9438]
Event: 1.370 Thread 0x0000000018cec000  808   !   3       java.lang.ref.ReferenceQueue::remove (125 bytes)
Event: 1.371 Thread 0x0000000018cec000 nmethod 808 0x00000000030e7b90 code [0x00000000030e7d60, 0x00000000030e8618]
Event: 1.371 Thread 0x0000000018cec000  809       3       java.lang.ref.Finalizer::hasBeenFinalized (14 bytes)
Event: 1.371 Thread 0x0000000018cec000 nmethod 809 0x00000000030e7810 code [0x00000000030e7960, 0x00000000030e7b10]
Event: 1.371 Thread 0x0000000018cec000  810   !   3       java.lang.ref.Finalizer::remove (94 bytes)
Event: 1.371 Thread 0x0000000018cec000 nmethod 810 0x00000000030eedd0 code [0x00000000030eef40, 0x00000000030ef410]

GC Heap History (2 events):
Event: 1.353 GC heap before
{Heap before GC invocations=1 (full 0):
 PSYoungGen      total 38400K, used 33280K [0x00000000d5f80000, 0x00000000d8a00000, 0x0000000100000000)
  eden space 33280K, 100% used [0x00000000d5f80000,0x00000000d8000000,0x00000000d8000000)
  from space 5120K, 0% used [0x00000000d8500000,0x00000000d8500000,0x00000000d8a00000)
  to   space 5120K, 0% used [0x00000000d8000000,0x00000000d8000000,0x00000000d8500000)
 ParOldGen       total 87552K, used 0K [0x0000000081e00000, 0x0000000087380000, 0x00000000d5f80000)
  object space 87552K, 0% used [0x0000000081e00000,0x0000000081e00000,0x0000000087380000)
 Metaspace       used 10790K, capacity 10952K, committed 11136K, reserved 1058816K
  class space    used 1246K, capacity 1302K, committed 1408K, reserved 1048576K
Event: 1.366 GC heap after
Heap after GC invocations=1 (full 0):
 PSYoungGen      total 38400K, used 5108K [0x00000000d5f80000, 0x00000000d8a00000, 0x0000000100000000)
  eden space 33280K, 0% used [0x00000000d5f80000,0x00000000d5f80000,0x00000000d8000000)
  from space 5120K, 99% used [0x00000000d8000000,0x00000000d84fd348,0x00000000d8500000)
  to   space 5120K, 0% used [0x00000000d8500000,0x00000000d8500000,0x00000000d8a00000)
 ParOldGen       total 87552K, used 8K [0x0000000081e00000, 0x0000000087380000, 0x00000000d5f80000)
  object space 87552K, 0% used [0x0000000081e00000,0x0000000081e02000,0x0000000087380000)
 Metaspace       used 10790K, capacity 10952K, committed 11136K, reserved 1058816K
  class space    used 1246K, capacity 1302K, committed 1408K, reserved 1048576K
}

Deoptimization events (3 events):
Event: 0.496 Thread 0x0000000002c74800 Uncommon trap: reason=unstable_if action=reinterpret pc=0x0000000002f1cd34 method=java.lang.String.indexOf([CII[CIII)I @ 3
Event: 0.673 Thread 0x0000000002c74800 Uncommon trap: reason=null_check action=make_not_entrant pc=0x0000000002e787e8 method=java.lang.String.equals(Ljava/lang/Object;)Z @ 8
Event: 0.802 Thread 0x0000000002c74800 Uncommon trap: reason=unstable_if action=reinterpret pc=0x0000000002ebe480 method=java.lang.CharacterData.of(I)Ljava/lang/CharacterData; @ 4

Classes redefined (0 events):
No events

Internal exceptions (9 events):
Event: 0.050 Thread 0x0000000002c74800 Exception <a 'java/lang/NoSuchMethodError': Method sun.misc.Unsafe.defineClass(Ljava/lang/String;[BII)Ljava/lang/Class; name or signature does not match> (0x00000000d5f87ca0) thrown at [C:\re\workspace\8-2-build-windows-amd64-cygwin\jdk8u161\10277\hotspot
Event: 0.050 Thread 0x0000000002c74800 Exception <a 'java/lang/NoSuchMethodError': Method sun.misc.Unsafe.prefetchRead(Ljava/lang/Object;J)V name or signature does not match> (0x00000000d5f87f88) thrown at [C:\re\workspace\8-2-build-windows-amd64-cygwin\jdk8u161\10277\hotspot\src\share\vm\prim
Event: 0.274 Thread 0x0000000002c74800 Exception <a 'java/io/FileNotFoundException'> (0x00000000d630aeb0) thrown at [C:\re\workspace\8-2-build-windows-amd64-cygwin\jdk8u161\10277\hotspot\src\share\vm\prims\jni.cpp, line 709]
Event: 0.292 Thread 0x0000000002c74800 Exception <a 'java/security/PrivilegedActionException'> (0x00000000d6354be8) thrown at [C:\re\workspace\8-2-build-windows-amd64-cygwin\jdk8u161\10277\hotspot\src\share\vm\prims\jvm.cpp, line 1390]
Event: 0.292 Thread 0x0000000002c74800 Exception <a 'java/security/PrivilegedActionException'> (0x00000000d6354df8) thrown at [C:\re\workspace\8-2-build-windows-amd64-cygwin\jdk8u161\10277\hotspot\src\share\vm\prims\jvm.cpp, line 1390]
Event: 0.294 Thread 0x0000000002c74800 Exception <a 'java/security/PrivilegedActionException'> (0x00000000d6358d08) thrown at [C:\re\workspace\8-2-build-windows-amd64-cygwin\jdk8u161\10277\hotspot\src\share\vm\prims\jvm.cpp, line 1390]
Event: 0.294 Thread 0x0000000002c74800 Exception <a 'java/security/PrivilegedActionException'> (0x00000000d6358f18) thrown at [C:\re\workspace\8-2-build-windows-amd64-cygwin\jdk8u161\10277\hotspot\src\share\vm\prims\jvm.cpp, line 1390]
Event: 0.485 Thread 0x0000000002c74800 Exception <a 'java/lang/NoClassDefFoundError': org/apache/log4j/Priority> (0x00000000d6771070) thrown at [C:\re\workspace\8-2-build-windows-amd64-cygwin\jdk8u161\10277\hotspot\src\share\vm\classfile\systemDictionary.cpp, line 199]
Event: 0.673 Thread 0x0000000002c74800 Implicit null exception at 0x0000000002e78615 to 0x0000000002e787d9

Events (10 events):
Event: 1.352 loading class org/springframework/context/ResourceLoaderAware
Event: 1.352 loading class org/springframework/context/ResourceLoaderAware done
Event: 1.352 loading class org/springframework/core/type/classreading/MetadataReaderFactory
Event: 1.352 loading class org/springframework/core/type/classreading/MetadataReaderFactory done
Event: 1.352 loading class org/springframework/core/type/AnnotatedTypeMetadata
Event: 1.352 loading class org/springframework/core/type/AnnotatedTypeMetadata done
Event: 1.353 Executing VM operation: ParallelGCFailedAllocation
Event: 1.366 Executing VM operation: ParallelGCFailedAllocation done
Event: 1.371 loading class org/springframework/beans/factory/annotation/AnnotatedBeanDefinition
Event: 1.371 loading class org/springframework/beans/factory/annotation/AnnotatedBeanDefinition done


Dynamic libraries:
0x00007ff79fdf0000 - 0x00007ff79fe27000 	C:\Program Files\Java\jdk1.8.0_161\bin\java.exe
0x00007ffc27420000 - 0x00007ffc27601000 	C:\WINDOWS\SYSTEM32\ntdll.dll
0x00007ffc25020000 - 0x00007ffc250d1000 	C:\WINDOWS\System32\KERNEL32.DLL
0x00007ffc24220000 - 0x00007ffc24493000 	C:\WINDOWS\System32\KERNELBASE.dll
0x00007ffc24a80000 - 0x00007ffc24b21000 	C:\WINDOWS\System32\ADVAPI32.dll
0x00007ffc270a0000 - 0x00007ffc2713e000 	C:\WINDOWS\System32\msvcrt.dll
0x00007ffc27390000 - 0x00007ffc273eb000 	C:\WINDOWS\System32\sechost.dll
0x00007ffc26580000 - 0x00007ffc266a4000 	C:\WINDOWS\System32\RPCRT4.dll
0x00007ffc24e90000 - 0x00007ffc25020000 	C:\WINDOWS\System32\USER32.dll
0x00007ffc24890000 - 0x00007ffc248b0000 	C:\WINDOWS\System32\win32u.dll
0x00007ffc25100000 - 0x00007ffc25128000 	C:\WINDOWS\System32\GDI32.dll
0x00007ffc246f0000 - 0x00007ffc24882000 	C:\WINDOWS\System32\gdi32full.dll
0x00007ffc244a0000 - 0x00007ffc2453f000 	C:\WINDOWS\System32\msvcp_win.dll
0x00007ffc24540000 - 0x00007ffc24638000 	C:\WINDOWS\System32\ucrtbase.dll
0x00007ffc13cc0000 - 0x00007ffc13f29000 	C:\WINDOWS\WinSxS\amd64_microsoft.windows.common-controls_6595b64144ccf1df_6.0.17134.706_none_fb43a2cb30647007\COMCTL32.dll
0x00007ffc26750000 - 0x00007ffc26a72000 	C:\WINDOWS\System32\combase.dll
0x00007ffc23850000 - 0x00007ffc238ca000 	C:\WINDOWS\System32\bcryptPrimitives.dll
0x00007ffc24e60000 - 0x00007ffc24e8d000 	C:\WINDOWS\System32\IMM32.DLL
0x000000005cb90000 - 0x000000005cc62000 	C:\Program Files\Java\jdk1.8.0_161\jre\bin\msvcr100.dll
0x000000005a220000 - 0x000000005aabf000 	C:\Program Files\Java\jdk1.8.0_161\jre\bin\server\jvm.dll
0x00007ffc25130000 - 0x00007ffc25138000 	C:\WINDOWS\System32\PSAPI.DLL
0x00007ffc119f0000 - 0x00007ffc119f9000 	C:\WINDOWS\SYSTEM32\WSOCK32.dll
0x00007ffc1fa40000 - 0x00007ffc1fa63000 	C:\WINDOWS\SYSTEM32\WINMM.dll
0x00007ffc26b00000 - 0x00007ffc26b6c000 	C:\WINDOWS\System32\WS2_32.dll
0x00007ffc1fa10000 - 0x00007ffc1fa3a000 	C:\WINDOWS\SYSTEM32\winmmbase.dll
0x00007ffc238d0000 - 0x00007ffc23919000 	C:\WINDOWS\System32\cfgmgr32.dll
0x00007ffc13f40000 - 0x00007ffc13f4a000 	C:\WINDOWS\SYSTEM32\VERSION.dll
0x000000005cb80000 - 0x000000005cb8f000 	C:\Program Files\Java\jdk1.8.0_161\jre\bin\verify.dll
0x000000005cb50000 - 0x000000005cb79000 	C:\Program Files\Java\jdk1.8.0_161\jre\bin\java.dll
0x000000005c700000 - 0x000000005c723000 	C:\Program Files\Java\jdk1.8.0_161\jre\bin\instrument.dll
0x000000005cb30000 - 0x000000005cb46000 	C:\Program Files\Java\jdk1.8.0_161\jre\bin\zip.dll
0x00007ffc25140000 - 0x00007ffc26580000 	C:\WINDOWS\System32\SHELL32.dll
0x00007ffc272e0000 - 0x00007ffc27389000 	C:\WINDOWS\System32\shcore.dll
0x00007ffc23920000 - 0x00007ffc2402d000 	C:\WINDOWS\System32\windows.storage.dll
0x00007ffc24a10000 - 0x00007ffc24a61000 	C:\WINDOWS\System32\shlwapi.dll
0x00007ffc237d0000 - 0x00007ffc237e1000 	C:\WINDOWS\System32\kernel.appcore.dll
0x00007ffc237a0000 - 0x00007ffc237bf000 	C:\WINDOWS\System32\profapi.dll
0x00007ffc23750000 - 0x00007ffc2379c000 	C:\WINDOWS\System32\powrprof.dll
0x00007ffc237c0000 - 0x00007ffc237ca000 	C:\WINDOWS\System32\FLTLIB.DLL
0x00007ffc1b260000 - 0x00007ffc1b27a000 	D:\software\IntelliJ IDEA 2018.2.4\bin\breakgen64.dll
0x000000005cb10000 - 0x000000005cb2a000 	C:\Program Files\Java\jdk1.8.0_161\jre\bin\net.dll
0x00007ffc22fb0000 - 0x00007ffc23016000 	C:\WINDOWS\system32\mswsock.dll

VM Arguments:
jvm_args: -ea -Didea.test.cyclic.buffer.size=1048576 -javaagent:D:\software\IntelliJ IDEA 2018.2.4\lib\idea_rt.jar=55346:D:\software\IntelliJ IDEA 2018.2.4\bin -Dfile.encoding=UTF-8 
java_command: com.intellij.rt.execution.junit.JUnitStarter -ideVersion5 -junit4 com.steins.service.impl.UserApplyServiceImplTest,getApplyedMatch
java_class_path (initial): D:\software\IntelliJ IDEA 2018.2.4\lib\idea_rt.jar;D:\software\IntelliJ IDEA 2018.2.4\plugins\junit\lib\junit-rt.jar;D:\software\IntelliJ IDEA 2018.2.4\plugins\junit\lib\junit5-rt.jar;C:\Program Files\Java\jdk1.8.0_161\jre\lib\charsets.jar;C:\Program Files\Java\jdk1.8.0_161\jre\lib\deploy.jar;C:\Program Files\Java\jdk1.8.0_161\jre\lib\ext\access-bridge-64.jar;C:\Program Files\Java\jdk1.8.0_161\jre\lib\ext\cldrdata.jar;C:\Program Files\Java\jdk1.8.0_161\jre\lib\ext\dnsns.jar;C:\Program Files\Java\jdk1.8.0_161\jre\lib\ext\jaccess.jar;C:\Program Files\Java\jdk1.8.0_161\jre\lib\ext\jfxrt.jar;C:\Program Files\Java\jdk1.8.0_161\jre\lib\ext\localedata.jar;C:\Program Files\Java\jdk1.8.0_161\jre\lib\ext\nashorn.jar;C:\Program Files\Java\jdk1.8.0_161\jre\lib\ext\sunec.jar;C:\Program Files\Java\jdk1.8.0_161\jre\lib\ext\sunjce_provider.jar;C:\Program Files\Java\jdk1.8.0_161\jre\lib\ext\sunmscapi.jar;C:\Program Files\Java\jdk1.8.0_161\jre\lib\ext\sunpkcs11.jar;C:\Program Files\Java\jdk1.8.0_161\jre\lib\ext\zipfs.jar;C:\Program Files\Java\jdk1.8.0_161\jre\lib\javaws.jar;C:\Program Files\Java\jdk1.8.0_161\jre\lib\jce.jar;C:\Program Files\Java\jdk1.8.0_161\jre\lib\jfr.jar;C:\Program Files\Java\jdk1.8.0_161\jre\lib\jfxswt.jar;C:\Program Files\Java\jdk1.8.0_161\jre\lib\jsse.jar;C:\Program Files\Java\jdk1.8.0_161\jre\lib\management-agent.jar;C:\Program Files\Java\jdk1.8.0_161\jre\lib\plugin.jar;C:\Program Files\Java\jdk1.8.0_161\jre\lib\resources.jar;C:\Program Files\Java\jdk1.8.0_161\jre\lib\rt.jar;D:\2019Äê´º\taiji2\target\test-classes;D:\2019Äê´º\taiji2\target\classes;D:\Program Files\maven\junit\junit\4.12\junit-4.12.jar;D:\Program Files\maven\org\hamcrest\hamcrest-core\1.3\hamcrest-core-1.3.jar;D:\Program Files\maven\ch\qos\logback\logback-classic\1.2.3\logback-classic-1.2.3.jar;D:\Program Files\maven\ch\qos\logback\logback-core\1.2.3\logback-core-1.2.3.jar;D:\Program Files\maven\org\slf4j\slf4j-api\1.7.25\slf4j-api-1.7.25.jar;D:\Program Files\maven\o
Launcher Type: SUN_STANDARD

Environment Variables:
JAVA_HOME=C:\Program Files\Java\jdk1.8.0_161
CLASSPATH=.;C:\Program Files\Java\jdk1.8.0_161\lib;C:\Program Files\Java\jdk1.8.0_161\lib\dt.jar;C:\Program Files\Java\jdk1.8.0_161\lib\tools.jar;D:\software\CodeBlocks\MinGW\bin
PATH=C:\ProgramData\Oracle\Java\javapath;C:\Program Files (x86)\Common Files\Oracle\Java\javapath;C:\WINDOWS\system32;C:\WINDOWS;C:\Program Files\Java\jdk1.8.0_161\bin;C:\Program Files\Java\jdk1.8.0_161\jre\bin;"C:\Program Files\Apache Software Foundation\Tomcat 8.5_Tomcat8.5\lib;C:\Program Files\Apache Software Foundation\Tomcat 8.5_Tomcat8.5\bin";C:\MinGW\bin;D:\software\runtime\win64;D:\software\bin;D:\software\MatLab\runtime\win64;D:\software\MatLabbb\runtime\win64;D:\software\MatLabbb\bin;D:\software\MatLab\bin;D:\software\MATLAB\R2018b\runtime\win64;D:\software\MATLAB\R2018b\bin;C:\Users\hp\Desktop\binwalk-master\binwalk;D:\software\CodeBlocks\MinGW\bin;F:\Èí¼þ\rose\common;C:\Program Files\Intel\WiFi\bin\;C:\Program Files\Common Files\Intel\WirelessCommon\;C:\Users\hp\AppData\Local\Programs\Python\Python37\Scripts\;C:\Users\hp\AppData\Local\Programs\Python\Python37\;D:\software\Scripts\;D:\software\;"C:\Program Files\Java\jdk1.8.0_161\bin;C:\Program Files\Java\jdk1.8.0_161\jre\bin; C:\Program Files\Intel\WiFi\bin\";"; C:\Program Files\Java\jdk-10\bin";C:\Users\hp\AppData\Local\Microsoft\WindowsApps;
USERNAME=Sunny
OS=Windows_NT
PROCESSOR_IDENTIFIER=Intel64 Family 6 Model 142 Stepping 9, GenuineIntel



---------------  S Y S T E M  ---------------

OS: Windows 10.0 , 64 bit Build 17134 (10.0.17134.706)

CPU:total 4 (initial active 4) (2 cores per cpu, 2 threads per core) family 6 model 142 stepping 9, cmov, cx8, fxsr, mmx, sse, sse2, sse3, ssse3, sse4.1, sse4.2, popcnt, avx, avx2, aes, clmul, erms, 3dnowpref, lzcnt, ht, tsc, tscinvbit, bmi1, bmi2, adx

Memory: 4k page, physical 8258212k(1578964k free), swap 8258212k(4500k free)

vm_info: Java HotSpot(TM) 64-Bit Server VM (25.161-b12) for windows-amd64 JRE (1.8.0_161-b12), built on Dec 19 2017 17:52:25 by "java_re" with MS VC++ 10.0 (VS2010)

time: Sun Apr 14 17:41:31 2019
elapsed time: 1 seconds (0d 0h 0m 1s)

